TN:
SF:/Users/zhaokangpan/WebstormProjects/assignment05/src/polyfills.ts
FNF:0
FNH:0
DA:46,1
DA:74,1
LF:2
LH:2
BRF:0
BRH:0
end_of_record
TN:
SF:/Users/zhaokangpan/WebstormProjects/assignment05/src/test.ts
FNF:0
FNH:0
DA:3,1
DA:4,1
DA:5,1
DA:13,1
DA:18,1
DA:20,1
LF:6
LH:6
BRF:0
BRH:0
end_of_record
TN:
SF:/Users/zhaokangpan/WebstormProjects/assignment05/src/app/app-routing.module.ts
FN:27,(anonymous_1)
FNF:1
FNH:1
FNDA:2,(anonymous_1)
DA:1,1
DA:2,1
DA:3,1
DA:4,1
DA:5,1
DA:6,1
DA:7,1
DA:9,1
DA:27,1
LF:9
LH:9
BRF:0
BRH:0
end_of_record
TN:
SF:/Users/zhaokangpan/WebstormProjects/assignment05/src/app/app.component.ts
FN:8,(anonymous_1)
FNF:1
FNH:1
FNDA:2,(anonymous_1)
DA:1,1
DA:8,1
LF:2
LH:2
BRF:0
BRH:0
end_of_record
TN:
SF:/Users/zhaokangpan/WebstormProjects/assignment05/src/app/auth/auth.component.ts
FN:8,(anonymous_2)
FN:10,AuthComponent
FN:12,(anonymous_4)
FNF:3
FNH:3
FNDA:1,(anonymous_2)
FNDA:1,AuthComponent
FNDA:1,(anonymous_4)
DA:1,1
DA:8,1
DA:12,1
DA:15,1
LF:4
LH:4
BRF:0
BRH:0
end_of_record
TN:
SF:/Users/zhaokangpan/WebstormProjects/assignment05/src/app/auth/login/login.component.ts
FN:12,(anonymous_2)
FN:22,LoginComponent
FN:25,(anonymous_4)
FN:33,(anonymous_5)
FN:34,(anonymous_6)
FN:39,(anonymous_7)
FN:51,(anonymous_8)
FN:63,(anonymous_9)
FN:67,(anonymous_10)
FN:69,(anonymous_11)
FNF:10
FNH:9
FNDA:1,(anonymous_2)
FNDA:12,LoginComponent
FNDA:12,(anonymous_4)
FNDA:12,(anonymous_5)
FNDA:12,(anonymous_6)
FNDA:12,(anonymous_7)
FNDA:12,(anonymous_8)
FNDA:0,(anonymous_9)
FNDA:72,(anonymous_10)
FNDA:72,(anonymous_11)
DA:1,1
DA:2,1
DA:3,1
DA:4,1
DA:12,1
DA:16,12
DA:20,13
DA:22,12
DA:23,12
DA:25,1
DA:26,12
DA:30,12
DA:33,1
DA:34,12
DA:35,12
DA:39,1
DA:40,12
DA:41,12
DA:42,8
DA:43,8
DA:46,4
DA:47,4
DA:51,1
DA:52,12
DA:53,12
DA:54,20
DA:55,8
DA:56,8
DA:57,8
DA:60,4
DA:63,1
DA:64,0
DA:67,72
DA:69,72
DA:71,1
LF:35
LH:34
BRDA:41,0,0,8
BRDA:41,0,1,4
BRDA:54,1,0,8
BRDA:54,1,1,12
BRDA:54,2,0,20
BRDA:54,2,1,8
BRF:6
BRH:6
end_of_record
TN:
SF:/Users/zhaokangpan/WebstormProjects/assignment05/src/app/auth/registeration/registeration.component.ts
FN:11,(anonymous_2)
FN:15,RegisterationComponent
FN:19,(anonymous_4)
FN:34,(anonymous_5)
FN:38,(anonymous_6)
FN:40,(anonymous_7)
FN:42,(anonymous_8)
FN:44,(anonymous_9)
FN:46,(anonymous_10)
FN:48,(anonymous_11)
FN:50,(anonymous_12)
FN:52,(anonymous_13)
FN:54,(anonymous_14)
FNF:13
FNH:10
FNDA:1,(anonymous_2)
FNDA:2,RegisterationComponent
FNDA:2,(anonymous_4)
FNDA:0,(anonymous_5)
FNDA:12,(anonymous_6)
FNDA:12,(anonymous_7)
FNDA:12,(anonymous_8)
FNDA:12,(anonymous_9)
FNDA:4,(anonymous_10)
FNDA:4,(anonymous_11)
FNDA:4,(anonymous_12)
FNDA:0,(anonymous_13)
FNDA:0,(anonymous_14)
DA:1,1
DA:2,1
DA:3,1
DA:4,1
DA:11,1
DA:15,2
DA:16,2
DA:17,2
DA:19,1
DA:20,2
DA:34,1
DA:35,0
DA:38,12
DA:40,12
DA:42,12
DA:44,12
DA:46,4
DA:48,4
DA:50,4
DA:52,1
DA:54,1
DA:55,0
DA:58,1
LF:23
LH:21
BRF:0
BRH:0
end_of_record
TN:
SF:/Users/zhaokangpan/WebstormProjects/assignment05/src/app/auth/registeration/registeration.service.ts
FN:5,(anonymous_2)
FN:21,(anonymous_4)
FN:23,RegisterationService
FN:25,(anonymous_6)
FN:34,(anonymous_7)
FN:48,(anonymous_8)
FN:56,(anonymous_9)
FN:64,(anonymous_10)
FNF:8
FNH:8
FNDA:3,(anonymous_2)
FNDA:1,(anonymous_4)
FNDA:3,RegisterationService
FNDA:6,(anonymous_6)
FNDA:6,(anonymous_7)
FNDA:6,(anonymous_8)
FNDA:6,(anonymous_9)
FNDA:10,(anonymous_10)
DA:1,1
DA:5,1
DA:16,1
DA:21,1
DA:25,1
DA:26,6
DA:27,6
DA:28,6
DA:29,6
DA:30,6
DA:31,6
DA:34,1
DA:35,6
DA:36,6
DA:37,0
DA:39,6
DA:40,0
DA:41,0
DA:42,0
DA:45,6
DA:48,1
DA:49,6
DA:50,6
DA:51,0
DA:52,0
DA:53,0
DA:56,1
DA:57,6
DA:58,6
DA:59,6
DA:60,6
DA:61,6
DA:64,1
DA:65,10
DA:66,10
DA:67,10
DA:68,10
DA:71,1
LF:38
LH:31
BRDA:31,0,0,6
BRDA:31,0,1,0
BRDA:36,1,0,0
BRDA:36,1,1,6
BRDA:36,2,0,6
BRDA:36,2,1,0
BRDA:41,3,0,0
BRDA:41,3,1,0
BRDA:41,4,0,0
BRDA:41,4,1,0
BRDA:41,4,2,0
BRDA:41,4,3,0
BRDA:41,4,4,0
BRDA:41,4,5,0
BRDA:50,5,0,6
BRDA:50,5,1,0
BRDA:53,6,0,0
BRDA:53,6,1,0
BRDA:58,7,0,0
BRDA:58,7,1,6
BRDA:61,8,0,6
BRDA:61,8,1,0
BRDA:68,9,0,10
BRDA:68,9,1,0
BRF:24
BRH:7
end_of_record
TN:
SF:/Users/zhaokangpan/WebstormProjects/assignment05/src/app/main/main.component.ts
FN:9,(anonymous_2)
FN:13,MainComponent
FN:15,(anonymous_4)
FN:18,(anonymous_5)
FNF:4
FNH:3
FNDA:1,(anonymous_2)
FNDA:1,MainComponent
FNDA:1,(anonymous_4)
FNDA:0,(anonymous_5)
DA:1,1
DA:2,1
DA:9,1
DA:13,1
DA:15,1
DA:18,1
DA:19,0
DA:22,1
LF:8
LH:7
BRF:0
BRH:0
end_of_record
TN:
SF:/Users/zhaokangpan/WebstormProjects/assignment05/src/app/main/following/following.component.ts
FN:9,(anonymous_2)
FN:19,FollowingComponent
FN:21,(anonymous_4)
FN:22,(anonymous_5)
FN:28,(anonymous_6)
FN:35,(anonymous_7)
FN:42,(anonymous_8)
FNF:7
FNH:6
FNDA:1,(anonymous_2)
FNDA:4,FollowingComponent
FNDA:4,(anonymous_4)
FNDA:4,(anonymous_5)
FNDA:1,(anonymous_6)
FNDA:0,(anonymous_7)
FNDA:1,(anonymous_8)
DA:1,1
DA:2,1
DA:9,1
DA:17,5
DA:19,4
DA:21,4
DA:22,4
DA:23,4
DA:24,4
DA:28,1
DA:29,1
DA:30,1
DA:31,1
DA:32,1
DA:34,0
DA:35,0
DA:36,0
DA:39,1
DA:42,1
DA:43,1
DA:44,1
DA:45,1
DA:46,1
DA:49,1
DA:50,1
DA:52,1
LF:26
LH:23
BRDA:30,0,0,1
BRDA:30,0,1,0
BRDA:45,1,0,1
BRDA:45,1,1,0
BRF:4
BRH:2
end_of_record
TN:
SF:/Users/zhaokangpan/WebstormProjects/assignment05/src/app/main/following/following.service.ts
FN:7,(anonymous_2)
FN:17,(anonymous_4)
FN:20,FollowingService
FN:22,(anonymous_6)
FN:26,(anonymous_7)
FN:50,(anonymous_8)
FNF:6
FNH:6
FNDA:2,(anonymous_2)
FNDA:1,(anonymous_4)
FNDA:5,FollowingService
FNDA:4,(anonymous_6)
FNDA:1,(anonymous_7)
FNDA:1,(anonymous_8)
DA:1,1
DA:2,1
DA:7,1
DA:12,1
DA:17,1
DA:20,5
DA:22,1
DA:23,4
DA:26,1
DA:27,1
DA:28,1
DA:29,1
DA:30,1
DA:31,1
DA:32,2
DA:33,1
DA:34,1
DA:37,1
DA:38,1
DA:39,1
DA:40,1
DA:41,1
DA:42,1
DA:43,1
DA:45,0
DA:47,0
DA:50,1
DA:51,1
DA:52,1
DA:53,0
DA:56,1
DA:58,1
LF:32
LH:29
BRDA:27,0,0,1
BRDA:27,0,1,0
BRDA:32,1,0,1
BRDA:32,1,1,1
BRDA:37,2,0,1
BRDA:37,2,1,0
BRDA:52,3,0,0
BRDA:52,3,1,1
BRF:8
BRH:5
end_of_record
TN:
SF:/Users/zhaokangpan/WebstormProjects/assignment05/src/app/main/headline/headline.component.ts
FN:11,(anonymous_2)
FN:13,HeadlineComponent
FN:20,(anonymous_4)
FN:28,(anonymous_5)
FN:33,(anonymous_6)
FN:39,(anonymous_7)
FNF:6
FNH:4
FNDA:1,(anonymous_2)
FNDA:8,HeadlineComponent
FNDA:8,(anonymous_4)
FNDA:0,(anonymous_5)
FNDA:1,(anonymous_6)
FNDA:0,(anonymous_7)
DA:1,1
DA:2,1
DA:3,1
DA:4,1
DA:11,1
DA:13,8
DA:14,8
DA:20,1
DA:21,8
DA:22,6
DA:24,2
DA:28,1
DA:29,0
DA:30,0
DA:33,1
DA:34,1
DA:35,1
DA:39,1
DA:40,0
DA:42,1
LF:20
LH:17
BRDA:21,0,0,6
BRDA:21,0,1,2
BRF:2
BRH:2
end_of_record
TN:
SF:/Users/zhaokangpan/WebstormProjects/assignment05/src/app/main/headline/headline.service.ts
FN:6,(anonymous_2)
FN:8,HeadlineService
FN:10,(anonymous_4)
FNF:3
FNH:2
FNDA:1,(anonymous_2)
FNDA:9,HeadlineService
FNDA:0,(anonymous_4)
DA:1,1
DA:6,1
DA:10,1
DA:11,0
DA:12,0
DA:13,0
DA:14,0
DA:15,0
DA:16,0
DA:18,0
DA:20,0
DA:22,1
LF:12
LH:4
BRDA:11,0,0,0
BRDA:11,0,1,0
BRDA:15,1,0,0
BRDA:15,1,1,0
BRF:4
BRH:0
end_of_record
TN:
SF:/Users/zhaokangpan/WebstormProjects/assignment05/src/app/main/posts/posts.component.ts
FN:17,(anonymous_2)
FN:51,PostsComponent
FN:36,(anonymous_4)
FN:56,(anonymous_5)
FN:58,(anonymous_6)
FN:69,(anonymous_7)
FN:75,(anonymous_8)
FN:79,(anonymous_9)
FN:83,(anonymous_10)
FN:90,(anonymous_11)
FN:100,(anonymous_12)
FNF:11
FNH:8
FNDA:1,(anonymous_2)
FNDA:10,PostsComponent
FNDA:3,(anonymous_4)
FNDA:10,(anonymous_5)
FNDA:10,(anonymous_6)
FNDA:0,(anonymous_7)
FNDA:11,(anonymous_8)
FNDA:1,(anonymous_9)
FNDA:0,(anonymous_10)
FNDA:1,(anonymous_11)
FNDA:0,(anonymous_12)
DA:1,1
DA:2,1
DA:3,1
DA:4,1
DA:5,1
DA:7,1
DA:17,1
DA:19,10
DA:25,10
DA:31,10
DA:33,10
DA:36,2
DA:38,3
DA:39,2
DA:40,2
DA:41,1
DA:43,1
DA:44,1
DA:51,10
DA:52,10
DA:53,10
DA:56,10
DA:58,10
DA:59,10
DA:60,10
DA:61,6
DA:62,6
DA:63,6
DA:66,10
DA:67,10
DA:69,10
DA:70,0
DA:71,0
DA:75,1
DA:76,11
DA:79,1
DA:80,1
DA:83,1
DA:84,0
DA:85,0
DA:86,0
DA:90,1
DA:91,1
DA:92,1
DA:93,1
DA:95,0
DA:100,1
DA:101,0
DA:109,1
LF:49
LH:42
BRDA:38,0,0,2
BRDA:38,0,1,1
BRDA:38,1,0,3
BRDA:38,1,1,2
BRDA:40,2,0,1
BRDA:40,2,1,1
BRDA:84,3,0,0
BRDA:84,3,1,0
BRDA:91,4,0,1
BRDA:91,4,1,0
BRF:10
BRH:7
end_of_record
TN:
SF:/Users/zhaokangpan/WebstormProjects/assignment05/src/app/main/posts/posts.service.ts
FN:5,(anonymous_2)
FN:15,(anonymous_4)
FN:24,(anonymous_6)
FN:26,PostsService
FN:28,(anonymous_8)
FN:29,(anonymous_9)
FN:36,(anonymous_10)
FN:48,(anonymous_11)
FN:59,(anonymous_12)
FN:72,(anonymous_13)
FN:80,(anonymous_14)
FN:89,(anonymous_15)
FN:100,(anonymous_16)
FNF:13
FNH:11
FNDA:1,(anonymous_2)
FNDA:1,(anonymous_4)
FNDA:1,(anonymous_6)
FNDA:11,PostsService
FNDA:14,(anonymous_8)
FNDA:22,(anonymous_9)
FNDA:1,(anonymous_10)
FNDA:11,(anonymous_11)
FNDA:0,(anonymous_12)
FNDA:1,(anonymous_13)
FNDA:1,(anonymous_14)
FNDA:1,(anonymous_15)
FNDA:0,(anonymous_16)
DA:1,1
DA:2,1
DA:5,1
DA:13,1
DA:15,1
DA:19,1
DA:24,1
DA:26,11
DA:28,1
DA:29,14
DA:30,22
DA:31,4
DA:32,0
DA:36,1
DA:37,1
DA:38,1
DA:39,1
DA:40,2
DA:42,2
DA:45,1
DA:48,1
DA:49,11
DA:50,11
DA:51,11
DA:52,88
DA:53,23
DA:55,11
DA:56,11
DA:59,1
DA:60,0
DA:61,0
DA:62,0
DA:63,0
DA:64,0
DA:65,0
DA:66,0
DA:67,0
DA:68,0
DA:69,0
DA:72,1
DA:73,1
DA:74,1
DA:75,5
DA:77,1
DA:80,1
DA:81,1
DA:82,1
DA:83,8
DA:85,1
DA:86,1
DA:89,1
DA:90,1
DA:91,1
DA:92,5
DA:93,2
DA:96,1
DA:97,1
DA:100,1
DA:101,0
DA:103,1
LF:60
LH:48
BRDA:30,0,0,18
BRDA:30,0,1,4
BRDA:31,1,0,4
BRDA:31,1,1,0
BRDA:40,2,0,2
BRDA:40,2,1,0
BRDA:40,3,0,2
BRDA:40,3,1,1
BRDA:52,4,0,23
BRDA:52,4,1,65
BRDA:65,5,0,0
BRDA:65,5,1,0
BRDA:66,6,0,0
BRDA:66,6,1,0
BRDA:83,7,0,3
BRDA:83,7,1,5
BRDA:92,8,0,2
BRDA:92,8,1,3
BRF:18
BRH:12
end_of_record
TN:
SF:/Users/zhaokangpan/WebstormProjects/assignment05/src/app/main/posts/comments/comments.component.ts
FN:10,(anonymous_2)
FN:14,CommentsComponent
FN:16,(anonymous_4)
FNF:3
FNH:3
FNDA:1,(anonymous_2)
FNDA:1,CommentsComponent
FNDA:1,(anonymous_4)
DA:1,1
DA:2,1
DA:10,1
DA:14,1
DA:16,1
DA:18,1
LF:6
LH:6
BRF:0
BRH:0
end_of_record
TN:
SF:/Users/zhaokangpan/WebstormProjects/assignment05/src/app/profile/profile.component.ts
FN:12,(anonymous_2)
FN:18,ProfileComponent
FN:22,(anonymous_4)
FN:30,(anonymous_5)
FN:40,(anonymous_6)
FN:45,(anonymous_7)
FN:47,(anonymous_8)
FN:49,(anonymous_9)
FN:51,(anonymous_10)
FN:53,(anonymous_11)
FN:55,(anonymous_12)
FN:60,(anonymous_13)
FNF:12
FNH:9
FNDA:1,(anonymous_2)
FNDA:2,ProfileComponent
FNDA:3,(anonymous_4)
FNDA:2,(anonymous_5)
FNDA:2,(anonymous_6)
FNDA:0,(anonymous_7)
FNDA:4,(anonymous_8)
FNDA:4,(anonymous_9)
FNDA:4,(anonymous_10)
FNDA:4,(anonymous_11)
FNDA:0,(anonymous_12)
FNDA:0,(anonymous_13)
DA:1,1
DA:2,1
DA:3,1
DA:4,1
DA:12,1
DA:18,2
DA:19,2
DA:20,2
DA:22,1
DA:23,3
DA:24,3
DA:26,0
DA:30,1
DA:31,2
DA:40,1
DA:41,2
DA:42,2
DA:45,1
DA:47,4
DA:49,4
DA:51,4
DA:53,4
DA:55,1
DA:56,0
DA:57,0
DA:60,1
DA:61,0
DA:63,1
LF:28
LH:24
BRDA:23,0,0,3
BRDA:23,0,1,0
BRF:2
BRH:1
end_of_record
TN:
SF:/Users/zhaokangpan/WebstormProjects/assignment05/src/app/profile/profile.service.ts
FN:9,(anonymous_2)
FN:11,ProfileService
FN:13,(anonymous_4)
FN:17,(anonymous_5)
FN:34,(anonymous_6)
FN:42,(anonymous_7)
FNF:6
FNH:4
FNDA:1,(anonymous_2)
FNDA:3,ProfileService
FNDA:0,(anonymous_4)
FNDA:0,(anonymous_5)
FNDA:6,(anonymous_6)
FNDA:6,(anonymous_7)
DA:1,1
DA:4,1
DA:9,1
DA:11,3
DA:13,1
DA:14,0
DA:17,1
DA:18,0
DA:19,0
DA:20,0
DA:22,0
DA:23,0
DA:25,0
DA:26,0
DA:28,0
DA:29,0
DA:31,0
DA:34,1
DA:35,6
DA:36,6
DA:37,0
DA:38,0
DA:39,0
DA:42,1
DA:43,6
DA:44,6
DA:45,0
DA:46,0
DA:47,0
DA:49,1
LF:30
LH:13
BRDA:19,0,0,0
BRDA:19,0,1,0
BRDA:22,1,0,0
BRDA:22,1,1,0
BRDA:25,2,0,0
BRDA:25,2,1,0
BRDA:28,3,0,0
BRDA:28,3,1,0
BRDA:36,4,0,6
BRDA:36,4,1,0
BRDA:39,5,0,0
BRDA:39,5,1,0
BRDA:44,6,0,6
BRDA:44,6,1,0
BRDA:47,7,0,0
BRDA:47,7,1,0
BRF:16
BRH:2
end_of_record
